<?xml version="1.0" encoding="UTF-8"?>
<!-- Generated by org.testng.reporters.JUnitReportReporter -->
<testsuite hostname="shanth-Lenovo-ideapad-330-15IKB" failures="0" tests="1" name="scripts.TestCase1" time="20.227" errors="0" timestamp="2022-10-29T22:55:39 IST" skipped="0">
  <testcase classname="scripts.TestCase1" name="Tc1" time="20.227"/>
  <system-out/>
</testsuite> <!-- scripts.TestCase1 -->
