<?xml version="1.0" encoding="UTF-8"?>
<!-- Generated by org.testng.reporters.JUnitReportReporter -->
<testsuite hostname="shanth-Lenovo-ideapad-330-15IKB" failures="0" tests="1" name="scripts.TestCase2" time="21.966" errors="0" timestamp="2022-10-29T22:55:39 IST" skipped="0">
  <testcase classname="scripts.TestCase2" name="tc2" time="21.966"/>
  <system-out/>
</testsuite> <!-- scripts.TestCase2 -->
